GpuImage/build/outputs/logs/manifest-merger-debug-report.txt
-- Merging decision tree log ---
manifest
ADDED from BeautyCam\GpuImage\AndroidManifest.xml:2:1-4:12
INJECTED from BeautyCam\GpuImage\AndroidManifest.xml:2:1-4:12
INJECTED from BeautyCam\GpuImage\AndroidManifest.xml:2:1-4:12
INJECTED from BeautyCam\GpuImage\AndroidManifest.xml:2:1-4:12
INJECTED from BeautyCam\GpuImage\AndroidManifest.xml:2:1-4:12
INJECTED from BeautyCam\GpuImage\AndroidManifest.xml:2:1-4:12
INJECTED from BeautyCam\GpuImage\AndroidManifest.xml:2:1-4:12
	package
		ADDED from BeautyCam\GpuImage\AndroidManifest.xml:3:5-48
		INJECTED from BeautyCam\GpuImage\AndroidManifest.xml
		INJECTED from BeautyCam\GpuImage\AndroidManifest.xml
	android:versionName
		INJECTED from BeautyCam\GpuImage\AndroidManifest.xml
		ADDED from BeautyCam\GpuImage\AndroidManifest.xml:2:1-4:12
		INJECTED from BeautyCam\GpuImage\AndroidManifest.xml
	android:versionCode
		INJECTED from BeautyCam\GpuImage\AndroidManifest.xml
		ADDED from BeautyCam\GpuImage\AndroidManifest.xml:2:1-4:12
		INJECTED from BeautyCam\GpuImage\AndroidManifest.xml
uses-sdk
INJECTED from BeautyCam\GpuImage\AndroidManifest.xml reason: use-sdk injection requested
INJECTED from BeautyCam\GpuImage\AndroidManifest.xml
INJECTED from BeautyCam\GpuImage\AndroidManifest.xml
INJECTED from BeautyCam\GpuImage\AndroidManifest.xml
INJECTED from BeautyCam\GpuImage\AndroidManifest.xml
	android:targetSdkVersion
		INJECTED from BeautyCam\GpuImage\AndroidManifest.xml
		ADDED from BeautyCam\GpuImage\AndroidManifest.xml
		INJECTED from BeautyCam\GpuImage\AndroidManifest.xml
	android:minSdkVersion
		INJECTED from BeautyCam\GpuImage\AndroidManifest.xml
		ADDED from BeautyCam\GpuImage\AndroidManifest.xml
		INJECTED from BeautyCam\GpuImage\AndroidManifest.xml